<?xml version="1.0" encoding="UTF-8"?>
<testsuite xmlns:xsi="http://www.w3.org/2001/XMLSchema-instance" xsi:noNamespaceSchemaLocation="https://maven.apache.org/surefire/maven-surefire-plugin/xsd/surefire-test-report.xsd" version="3.0.2" name="com.simsimbookstore.accountserver.AccountServerApplicationTests" time="2.649" tests="1" errors="0" skipped="0" failures="0">
  <properties>
[...]
</properties>
  <testcase name="contextLoads" classname="com.simsimbookstore.accountserver.AccountServerApplicationTests" time="0.302">
    <system-out><![CDATA[17:56:08.020 [main] INFO org.springframework.test.context.support.AnnotationConfigContextLoaderUtils -- Could not detect default configuration classes for test class [com.simsimbookstore.accountserver.AccountServerApplicationTests]: AccountServerApplicationTests does not declare any static, non-private, non-final, nested classes annotated with @Configuration.
17:56:08.069 [main] INFO org.springframework.boot.test.context.SpringBootTestContextBootstrapper -- Found @SpringBootConfiguration com.simsimbookstore.accountserver.AccountServerApplication for test class com.simsimbookstore.accountserver.AccountServerApplicationTests
17:56:08.152 [main] INFO org.springframework.boot.devtools.restart.RestartApplicationListener -- Restart disabled due to context in which it is running

  .   ____          _            __ _ _
 /\\ / ___'_ __ _ _(_)_ __  __ _ \ \ \ \
( ( )\___ | '_ | '_| | '_ \/ _` | \ \ \ \
 \\/  ___)| |_)| | | | | || (_| |  ) ) ) )
  '  |____| .__|_| |_|_| |_\__, | / / / /
 =========|_|==============|___/=/_/_/_/

 :: Spring Boot ::                (v3.4.0)

2024-12-12T17:56:08.278+09:00  INFO 69071 --- [account-server] [           main] c.s.a.AccountServerApplicationTests      : Starting AccountServerApplicationTests using Java 21.0.4 with PID 69071 (started by jeseungwook in /Users/jeseungwook/Documents/wook/NHN/final/account-server)
2024-12-12T17:56:08.278+09:00  INFO 69071 --- [account-server] [           main] c.s.a.AccountServerApplicationTests      : No active profile set, falling back to 1 default profile: "default"
2024-12-12T17:56:08.301+09:00 DEBUG 69071 --- [account-server] [           main] o.s.w.c.s.GenericWebApplicationContext   : Refreshing org.springframework.web.context.support.GenericWebApplicationContext@ec2bf82
2024-12-12T17:56:08.653+09:00  INFO 69071 --- [account-server] [           main] .s.d.r.c.RepositoryConfigurationDelegate : Bootstrapping Spring Data JPA repositories in DEFAULT mode.
2024-12-12T17:56:08.684+09:00  INFO 69071 --- [account-server] [           main] .s.d.r.c.RepositoryConfigurationDelegate : Finished Spring Data repository scanning in 26 ms. Found 3 JPA repository interfaces.
2024-12-12T17:56:08.925+09:00  INFO 69071 --- [account-server] [           main] o.hibernate.jpa.internal.util.LogHelper  : HHH000204: Processing PersistenceUnitInfo [name: default]
2024-12-12T17:56:08.963+09:00  INFO 69071 --- [account-server] [           main] org.hibernate.Version                    : HHH000412: Hibernate ORM core version 6.6.2.Final
2024-12-12T17:56:08.977+09:00  INFO 69071 --- [account-server] [           main] o.h.c.internal.RegionFactoryInitiator    : HHH000026: Second-level cache disabled
2024-12-12T17:56:09.104+09:00  INFO 69071 --- [account-server] [           main] o.s.o.j.p.SpringPersistenceUnitInfo      : No LoadTimeWeaver setup: ignoring JPA class transformer
2024-12-12T17:56:09.118+09:00  INFO 69071 --- [account-server] [           main] com.zaxxer.hikari.HikariDataSource       : HikariPool-1 - Starting...
2024-12-12T17:56:09.200+09:00  INFO 69071 --- [account-server] [           main] com.zaxxer.hikari.pool.HikariPool        : HikariPool-1 - Added connection conn0: url=jdbc:h2:mem:testdb user=SA
2024-12-12T17:56:09.201+09:00  INFO 69071 --- [account-server] [           main] com.zaxxer.hikari.HikariDataSource       : HikariPool-1 - Start completed.
2024-12-12T17:56:09.214+09:00  WARN 69071 --- [account-server] [           main] org.hibernate.orm.deprecation            : HHH90000025: H2Dialect does not need to be specified explicitly using 'hibernate.dialect' (remove the property setting and it will be selected by default)
2024-12-12T17:56:09.226+09:00  INFO 69071 --- [account-server] [           main] org.hibernate.orm.connections.pooling    : HHH10001005: Database info:
	Database JDBC URL [Connecting through datasource 'HikariDataSource (HikariPool-1)']
	Database driver: undefined/unknown
	Database version: 2.3.232
	Autocommit mode: undefined/unknown
	Isolation level: undefined/unknown
	Minimum pool size: undefined/unknown
	Maximum pool size: undefined/unknown
2024-12-12T17:56:09.730+09:00  INFO 69071 --- [account-server] [           main] o.h.e.t.j.p.i.JtaPlatformInitiator       : HHH000489: No JTA platform available (set 'hibernate.transaction.jta.platform' to enable JTA platform integration)
2024-12-12T17:56:09.736+09:00 DEBUG 69071 --- [account-server] [           main] org.hibernate.SQL                        : 
    drop table if exists addresses cascade 
Hibernate: 
    drop table if exists addresses cascade 
2024-12-12T17:56:09.738+09:00 DEBUG 69071 --- [account-server] [           main] org.hibernate.SQL                        : 
    drop table if exists local_users cascade 
Hibernate: 
    drop table if exists local_users cascade 
2024-12-12T17:56:09.738+09:00 DEBUG 69071 --- [account-server] [           main] org.hibernate.SQL                        : 
    drop table if exists oauth_users cascade 
Hibernate: 
    drop table if exists oauth_users cascade 
2024-12-12T17:56:09.738+09:00 DEBUG 69071 --- [account-server] [           main] org.hibernate.SQL                        : 
    drop table if exists user_grades cascade 
Hibernate: 
    drop table if exists user_grades cascade 
2024-12-12T17:56:09.738+09:00 DEBUG 69071 --- [account-server] [           main] org.hibernate.SQL                        : 
    drop table if exists user_roles cascade 
Hibernate: 
    drop table if exists user_roles cascade 
2024-12-12T17:56:09.738+09:00 DEBUG 69071 --- [account-server] [           main] org.hibernate.SQL                        : 
    drop table if exists users cascade 
Hibernate: 
    drop table if exists users cascade 
2024-12-12T17:56:09.741+09:00 DEBUG 69071 --- [account-server] [           main] org.hibernate.SQL                        : 
    create table addresses (
        address_id bigint generated by default as identity,
        user_id bigint not null,
        detailed_address varchar(255) not null,
        lot_address varchar(255) not null,
        name varchar(255) not null,
        postal_code varchar(255) not null,
        reference varchar(255),
        road_address varchar(255) not null,
        primary key (address_id)
    )
Hibernate: 
    create table addresses (
        address_id bigint generated by default as identity,
        user_id bigint not null,
        detailed_address varchar(255) not null,
        lot_address varchar(255) not null,
        name varchar(255) not null,
        postal_code varchar(255) not null,
        reference varchar(255),
        road_address varchar(255) not null,
        primary key (address_id)
    )
2024-12-12T17:56:09.746+09:00 DEBUG 69071 --- [account-server] [           main] org.hibernate.SQL                        : 
    create table local_users (
        local_user_id bigint generated by default as identity,
        user_id bigint not null,
        login_id varchar(255) not null,
        password varchar(255) not null,
        primary key (local_user_id)
    )
Hibernate: 
    create table local_users (
        local_user_id bigint generated by default as identity,
        user_id bigint not null,
        login_id varchar(255) not null,
        password varchar(255) not null,
        primary key (local_user_id)
    )
2024-12-12T17:56:09.747+09:00 DEBUG 69071 --- [account-server] [           main] org.hibernate.SQL                        : 
    create table oauth_users (
        oauth_user_id bigint generated by default as identity,
        user_id bigint not null unique,
        oauth_id varchar(255) not null unique,
        primary key (oauth_user_id)
    )
Hibernate: 
    create table oauth_users (
        oauth_user_id bigint generated by default as identity,
        user_id bigint not null unique,
        oauth_id varchar(255) not null unique,
        primary key (oauth_user_id)
    )
2024-12-12T17:56:09.749+09:00 DEBUG 69071 --- [account-server] [           main] org.hibernate.SQL                        : 
    create table user_grades (
        point_rate numeric(38,2) not null,
        grade_id bigint generated by default as identity,
        max_amount bigint,
        min_amount bigint not null,
        tier enum ('GOLD','PLATINUM','ROYAL','STANDARD') not null,
        primary key (grade_id)
    )
Hibernate: 
    create table user_grades (
        point_rate numeric(38,2) not null,
        grade_id bigint generated by default as identity,
        max_amount bigint,
        min_amount bigint not null,
        tier enum ('GOLD','PLATINUM','ROYAL','STANDARD') not null,
        primary key (grade_id)
    )
2024-12-12T17:56:09.750+09:00 DEBUG 69071 --- [account-server] [           main] org.hibernate.SQL                        : 
    create table user_roles (
        role_id bigint generated by default as identity,
        role_name enum ('ADMIN','USER') not null,
        primary key (role_id)
    )
Hibernate: 
    create table user_roles (
        role_id bigint generated by default as identity,
        role_name enum ('ADMIN','USER') not null,
        primary key (role_id)
    )
2024-12-12T17:56:09.750+09:00 DEBUG 69071 --- [account-server] [           main] org.hibernate.SQL                        : 
    create table users (
        birthday timestamp(6) not null,
        created_at timestamp(6) not null,
        grade_id bigint not null,
        latest_login_date timestamp(6),
        role_id bigint not null,
        user_id bigint generated by default as identity,
        email varchar(255) not null unique,
        mobile_number varchar(255) not null unique,
        name varchar(255) not null,
        gender enum ('FEMALE','MALE') not null,
        state enum ('ACTIVE','INACTIVE','SLEEP') not null,
        primary key (user_id)
    )
Hibernate: 
    create table users (
        birthday timestamp(6) not null,
        created_at timestamp(6) not null,
        grade_id bigint not null,
        latest_login_date timestamp(6),
        role_id bigint not null,
        user_id bigint generated by default as identity,
        email varchar(255) not null unique,
        mobile_number varchar(255) not null unique,
        name varchar(255) not null,
        gender enum ('FEMALE','MALE') not null,
        state enum ('ACTIVE','INACTIVE','SLEEP') not null,
        primary key (user_id)
    )
2024-12-12T17:56:09.751+09:00 DEBUG 69071 --- [account-server] [           main] org.hibernate.SQL                        : 
    alter table if exists addresses 
       add constraint FK1fa36y2oqhao3wgg2rw1pi459 
       foreign key (user_id) 
       references users
Hibernate: 
    alter table if exists addresses 
       add constraint FK1fa36y2oqhao3wgg2rw1pi459 
       foreign key (user_id) 
       references users
2024-12-12T17:56:09.758+09:00 DEBUG 69071 --- [account-server] [           main] org.hibernate.SQL                        : 
    alter table if exists oauth_users 
       add constraint FKt01p8y1gshfk25bcsdmqp0h1e 
       foreign key (user_id) 
       references users
Hibernate: 
    alter table if exists oauth_users 
       add constraint FKt01p8y1gshfk25bcsdmqp0h1e 
       foreign key (user_id) 
       references users
2024-12-12T17:56:09.759+09:00 DEBUG 69071 --- [account-server] [           main] org.hibernate.SQL                        : INSERT INTO user_roles (role_name) values ('user'), ('admin')
Hibernate: INSERT INTO user_roles (role_name) values ('user'), ('admin')
2024-12-12T17:56:09.760+09:00 DEBUG 69071 --- [account-server] [           main] org.hibernate.SQL                        : INSERT INTO user_grades (tier, min_amount, max_amount, point_rate) values ('STANDARD', 0,100000,0.01),('ROYAL', 100000, 200000, 0.02),('GOLD', 200000, 300000, 0.025),('PLATINUM', 300000, null, 0.03)
Hibernate: INSERT INTO user_grades (tier, min_amount, max_amount, point_rate) values ('STANDARD', 0,100000,0.01),('ROYAL', 100000, 200000, 0.02),('GOLD', 200000, 300000, 0.025),('PLATINUM', 300000, null, 0.03)
2024-12-12T17:56:09.761+09:00  INFO 69071 --- [account-server] [           main] j.LocalContainerEntityManagerFactoryBean : Initialized JPA EntityManagerFactory for persistence unit 'default'
2024-12-12T17:56:09.804+09:00  WARN 69071 --- [account-server] [           main] JpaBaseConfiguration$JpaWebConfiguration : spring.jpa.open-in-view is enabled by default. Therefore, database queries may be performed during view rendering. Explicitly configure spring.jpa.open-in-view to disable this warning
2024-12-12T17:56:09.823+09:00  INFO 69071 --- [account-server] [           main] r$InitializeUserDetailsManagerConfigurer : Global AuthenticationManager configured with UserDetailsService bean with name customUserDetailsService
2024-12-12T17:56:10.019+09:00 DEBUG 69071 --- [account-server] [           main] o.s.s.web.DefaultSecurityFilterChain     : Will secure any request with filters: DisableEncodeUrlFilter, WebAsyncManagerIntegrationFilter, SecurityContextHolderFilter, HeaderWriterFilter, LogoutFilter, JwtAuthenticationFilter, BasicAuthenticationFilter, RequestCacheAwareFilter, SecurityContextHolderAwareRequestFilter, AnonymousAuthenticationFilter, ExceptionTranslationFilter, AuthorizationFilter
2024-12-12T17:56:10.115+09:00 DEBUG 69071 --- [account-server] [           main] s.w.s.m.m.a.RequestMappingHandlerMapping : 4 mappings in 'requestMappingHandlerMapping'
2024-12-12T17:56:10.168+09:00 DEBUG 69071 --- [account-server] [           main] o.s.w.s.handler.SimpleUrlHandlerMapping  : Patterns [/webjars/**, /**] in 'resourceHandlerMapping'
2024-12-12T17:56:10.183+09:00 DEBUG 69071 --- [account-server] [           main] s.w.s.m.m.a.RequestMappingHandlerAdapter : ControllerAdvice beans: 0 @ModelAttribute, 0 @InitBinder, 1 RequestBodyAdvice, 1 ResponseBodyAdvice
2024-12-12T17:56:10.205+09:00 DEBUG 69071 --- [account-server] [           main] .m.m.a.ExceptionHandlerExceptionResolver : ControllerAdvice beans: 0 @ExceptionHandler, 1 ResponseBodyAdvice
2024-12-12T17:56:10.223+09:00  INFO 69071 --- [account-server] [           main] o.s.b.a.h2.H2ConsoleAutoConfiguration    : H2 console available at '/h2-console'. Database available at 'jdbc:h2:mem:testdb'
2024-12-12T17:56:10.272+09:00  INFO 69071 --- [account-server] [           main] c.s.a.AccountServerApplicationTests      : Started AccountServerApplicationTests in 2.126 seconds (process running for 2.604)
]]></system-out>
    <system-err><![CDATA[Mockito is currently self-attaching to enable the inline-mock-maker. This will no longer work in future releases of the JDK. Please add Mockito as an agent to your build what is described in Mockito's documentation: https://javadoc.io/doc/org.mockito/mockito-core/latest/org/mockito/Mockito.html#0.3
WARNING: A Java agent has been loaded dynamically (/Users/jeseungwook/.m2/repository/net/bytebuddy/byte-buddy-agent/1.15.10/byte-buddy-agent-1.15.10.jar)
WARNING: If a serviceability tool is in use, please run with -XX:+EnableDynamicAgentLoading to hide this warning
WARNING: If a serviceability tool is not in use, please run with -Djdk.instrument.traceUsage for more information
WARNING: Dynamic loading of agents will be disallowed by default in a future release
]]></system-err>
  </testcase>
</testsuite>